=======================
获取信息长度：11
邮箱配置完成
邮箱之间链接建立
===========================
邮件发送成功
邮件 18815288505@sina.cn 发送成功2019-05-19 15:51:03
/C:/Users/zty/Desktop/githubDown/project/MyProject/build/classes/
内容重新写入完成2019-05-19 15:51:03
=======================
processInfo 处理完，获取信息长度：11
邮箱配置完成
邮箱之间链接建立
===========================
邮件发送成功
邮件 18815288505@sina.cn 发送成功2019-05-20 10:56:39
/C:/Users/zty/Desktop/githubDown/project/MyProject/build/classes//weiboContent.properties 内容重新写入完成2019-05-20 10:56:39
=======================
processInfo 处理完，获取信息长度：10
邮箱配置完成
邮箱之间链接建立
===========================
邮件发送成功
邮件 18815288505@sina.cn 发送成功2019-05-20 11:00:38
/C:/Users/zty/Desktop/githubDown/project/MyProject/build/classes//weiboContent.properties 内容重新写入完成2019-05-20 11:00:38
=======================
processInfo 处理完，获取信息长度：11
邮箱配置完成
邮箱之间链接建立
===========================
邮件发送成功
邮件 18815288505@sina.cn 发送成功2019-05-20 11:29:39
/C:/Users/zty/Desktop/githubDown/project/MyProject/build/classes//weiboContent.properties 内容重新写入完成2019-05-20 11:29:39
=======================
从 processInfo 处理完，获取微博信息条数：11
邮箱配置完成
邮箱之间链接建立
===========================
邮件发送成功
邮件 18815288505@sina.cn 发送成功2019-05-20 14:33:31
/Users/zty/Desktop/gitFile/project/MyProject/build/classes//weiboContent.properties 内容重新写入完成2019-05-20 14:33:31
=======================
从 processInfo 处理完，获取微博信息条数：11
邮箱配置完成
邮箱之间链接建立
===========================
邮件发送成功
邮件 18815288505@sina.cn 发送成功2019-05-20 14:44:45
/Users/zty/Desktop/gitFile/project/MyProject/build/classes//weiboContent.properties 内容重新写入完成2019-05-20 14:44:45
=======================
从 processInfo 处理完，获取微博信息条数：11
邮箱配置完成
邮箱之间链接建立
===========================
邮件发送成功
邮件 18815288505@sina.cn 发送成功2019-05-20 15:13:05
/C:/Users/zty/Desktop/githubDown/project/MyProject/build/classes//weiboContent.properties 内容重新写入完成2019-05-20 15:13:05
=======================
从 processInfo 处理完，获取微博信息条数：10
邮箱配置完成
邮箱之间链接建立
===========================
邮件发送成功
邮件 18815288505@sina.cn 发送成功2019-05-20 15:14:22
/C:/Users/zty/Desktop/githubDown/project/MyProject/build/classes//weiboContent.properties 内容重新写入完成2019-05-20 15:14:22
=======================
从 processInfo 处理完，获取微博信息条数：10
邮箱配置完成
邮箱之间链接建立
===========================
邮件发送成功
邮件 18815288505@sina.cn 发送成功2019-05-20 16:05:53
/C:/Users/zty/Desktop/githubDown/project/MyProject/build/classes//weiboContent.properties 内容重新写入完成2019-05-20 16:05:53
=======================
从 processInfo 处理完，获取微博信息条数：10
邮箱配置完成
邮箱之间链接建立
===========================
邮件发送成功
邮件 18815288505@sina.cn 发送成功2019-05-20 16:06:26
/C:/Users/zty/Desktop/githubDown/project/MyProject/build/classes//weiboContent.properties 内容重新写入完成2019-05-20 16:06:26
=======================
从 processInfo 处理完，获取微博信息条数：10
邮箱配置完成
邮箱之间链接建立
===========================
邮件发送成功
邮件 18815288505@sina.cn 发送成功2019-05-20 16:07:31
/C:/Users/zty/Desktop/githubDown/project/MyProject/build/classes//weiboContent.properties 内容重新写入完成2019-05-20 16:07:31
=======================
从 processInfo 处理完，获取微博信息条数：10
邮箱配置完成
邮箱之间链接建立
===========================
邮件发送成功
邮件 18815288505@sina.cn 发送成功2019-05-20 16:07:56
/C:/Users/zty/Desktop/githubDown/project/MyProject/build/classes//weiboContent.properties 内容重新写入完成2019-05-20 16:07:56
=======================
从 processInfo 处理完，获取微博信息条数：10
邮箱配置完成
邮箱之间链接建立
===========================
邮件发送成功
邮件 18815288505@sina.cn 发送成功2019-05-20 16:09:20
/C:/Users/zty/Desktop/githubDown/project/MyProject/build/classes//weiboContent.properties 内容重新写入完成2019-05-20 16:09:20
=======================
从 processInfo 处理完，获取微博信息条数：10
邮箱配置完成
邮箱之间链接建立
===========================
邮件发送成功
邮件 18815288505@sina.cn 发送成功2019-05-20 16:09:55
/C:/Users/zty/Desktop/githubDown/project/MyProject/build/classes//weiboContent.properties 内容重新写入完成2019-05-20 16:09:55
=======================
从 processInfo 处理完，获取微博信息条数：10
/C:/Users/zty/Desktop/githubDown/project/MyProject/build/classes//weiboContent.properties  时间更新重新写入完成
=======================
从 processInfo 处理完，获取微博信息条数：10
/C:/Users/zty/Desktop/githubDown/project/MyProject/build/classes//weiboContent.properties  时间更新重新写入完成
=======================
从 processInfo 处理完，获取微博信息条数：10
邮箱配置完成
邮箱之间链接建立
===========================
邮件发送成功
邮件 18815288505@sina.cn 发送成功2019-05-20 16:14:01
/C:/Users/zty/Desktop/githubDown/project/MyProject/build/classes//weiboContent.properties 内容重新写入完成2019-05-20 16:14:01
