=======================
获取信息长度：11
邮箱配置完成
邮箱之间链接建立
===========================
邮件发送成功
邮件 18815288505@sina.cn 发送成功2019-05-19 15:51:03
/C:/Users/zty/Desktop/githubDown/project/MyProject/build/classes/
内容重新写入完成2019-05-19 15:51:03
=======================
processInfo 处理完，获取信息长度：11
邮箱配置完成
邮箱之间链接建立
===========================
邮件发送成功
邮件 18815288505@sina.cn 发送成功2019-05-20 10:56:39
/C:/Users/zty/Desktop/githubDown/project/MyProject/build/classes//weiboContent.properties 内容重新写入完成2019-05-20 10:56:39
=======================
processInfo 处理完，获取信息长度：10
邮箱配置完成
邮箱之间链接建立
===========================
邮件发送成功
邮件 18815288505@sina.cn 发送成功2019-05-20 11:00:38
/C:/Users/zty/Desktop/githubDown/project/MyProject/build/classes//weiboContent.properties 内容重新写入完成2019-05-20 11:00:38
=======================
processInfo 处理完，获取信息长度：11
邮箱配置完成
邮箱之间链接建立
===========================
邮件发送成功
邮件 18815288505@sina.cn 发送成功2019-05-20 11:29:39
/C:/Users/zty/Desktop/githubDown/project/MyProject/build/classes//weiboContent.properties 内容重新写入完成2019-05-20 11:29:39
